Build started 10/27/2015 6:01:42 PM.
     1>Project "C:\Users\zchau\Documents\GitHub\A2-GJK-EPA\curveAI\build\win32\curveAI.vcxproj" on node 8 (Rebuild target(s)).
     1>ClCompile:
         C:\Program Files (x86)\Microsoft Visual Studio 14.0\VC\bin\CL.exe /c /I..\..\include /I..\..\..\steerlib\include /I..\..\..\util\include /I..\..\..\external /ZI /nologo /W3 /WX- /MP /Od /Oy- /D ENABLE_GUI /D _WINDLL /D _MBCS /Gm- /EHsc /RTC1 /MDd /GS /fp:precise /Zc:wchar_t /Zc:forScope /Zc:inline /GR /Fo"Debug\\" /Fd"Debug\vc140.pdb" /Gd /TP /analyze- /errorReport:prompt ..\..\src\CurveAgent.cpp ..\..\src\CurveAIModule.cpp
         CurveAgent.cpp
         CurveAIModule.cpp
     1>c:\users\zchau\documents\github\a2-gjk-epa\steerlib\include\testcaseio\obstacleinitialconditions.h(93): warning C4018: '<': signed/unsigned mismatch (compiling source file ..\..\src\CurveAgent.cpp)
     1>c:\users\zchau\documents\github\a2-gjk-epa\steerlib\include\testcaseio\obstacleinitialconditions.h(93): warning C4018: '<': signed/unsigned mismatch (compiling source file ..\..\src\CurveAIModule.cpp)
     1>c:\users\zchau\documents\github\a2-gjk-epa\steerlib\include\testcaseio\obstacleinitialconditions.h(103): warning C4018: '<': signed/unsigned mismatch (compiling source file ..\..\src\CurveAgent.cpp)
     1>c:\users\zchau\documents\github\a2-gjk-epa\steerlib\include\testcaseio\obstacleinitialconditions.h(103): warning C4018: '<': signed/unsigned mismatch (compiling source file ..\..\src\CurveAIModule.cpp)
     1>c:\users\zchau\documents\github\a2-gjk-epa\util\include\utilglobals.h(17): warning C4005: 'UTIL_API': macro redefinition (compiling source file ..\..\src\CurveAgent.cpp)
         c:\users\zchau\documents\github\a2-gjk-epa\steerlib\include\globals.h(22): note: see previous definition of 'UTIL_API' (compiling source file ..\..\src\CurveAgent.cpp)
     1>c:\users\zchau\documents\github\a2-gjk-epa\util\include\utilglobals.h(17): warning C4005: 'UTIL_API': macro redefinition (compiling source file ..\..\src\CurveAIModule.cpp)
         c:\users\zchau\documents\github\a2-gjk-epa\steerlib\include\globals.h(22): note: see previous definition of 'UTIL_API' (compiling source file ..\..\src\CurveAIModule.cpp)
     1>c:\users\zchau\documents\github\a2-gjk-epa\curveai\src\curveagent.cpp(106): warning C4018: '<': signed/unsigned mismatch
     1>c:\users\zchau\documents\github\a2-gjk-epa\curveai\src\curveagent.cpp(251): warning C4018: '<': signed/unsigned mismatch
     1>c:\users\zchau\documents\github\a2-gjk-epa\util\include\logobject.h(43): warning C4244: '=': conversion from '__int64' to 'int', possible loss of data (compiling source file ..\..\src\CurveAIModule.cpp)
         c:\users\zchau\documents\github\a2-gjk-epa\curveai\src\curveaimodule.cpp(154): note: see reference to function template instantiation 'void LogObject::addLogData<__int64>(T)' being compiled
                 with
                 [
                     T=__int64
                 ]
     1>c:\users\zchau\documents\github\a2-gjk-epa\util\include\logobject.h(51): warning C4244: '=': conversion from '__int64' to 'float', possible loss of data (compiling source file ..\..\src\CurveAIModule.cpp)
     1>c:\users\zchau\documents\github\a2-gjk-epa\util\include\logobject.h(61): warning C4244: 'argument': conversion from '__int64' to 'char', possible loss of data (compiling source file ..\..\src\CurveAIModule.cpp)
     1>c:\users\zchau\documents\github\a2-gjk-epa\util\include\logobject.h(43): warning C4244: '=': conversion from 'float' to 'int', possible loss of data (compiling source file ..\..\src\CurveAIModule.cpp)
         c:\users\zchau\documents\github\a2-gjk-epa\curveai\src\curveaimodule.cpp(158): note: see reference to function template instantiation 'void LogObject::addLogData<float>(T)' being compiled
                 with
                 [
                     T=float
                 ]
     1>c:\users\zchau\documents\github\a2-gjk-epa\util\include\logobject.h(56): warning C4244: '=': conversion from 'float' to '__int64', possible loss of data (compiling source file ..\..\src\CurveAIModule.cpp)
     1>c:\users\zchau\documents\github\a2-gjk-epa\util\include\logobject.h(61): warning C4244: 'argument': conversion from 'float' to 'char', possible loss of data (compiling source file ..\..\src\CurveAIModule.cpp)
       Link:
         C:\Program Files (x86)\Microsoft Visual Studio 14.0\VC\bin\link.exe /ERRORREPORT:PROMPT /OUT:"C:\Users\zchau\Documents\GitHub\A2-GJK-EPA\build\win32\Debug\curveAI.dll" /NOLOGO /LIBPATH:"C:\Users\zchau\Documents\GitHub\A2-GJK-EPA\build\win32\\Debug\\" util.lib steerlib.lib kernel32.lib user32.lib gdi32.lib winspool.lib comdlg32.lib advapi32.lib shell32.lib ole32.lib oleaut32.lib uuid.lib odbc32.lib odbccp32.lib /MANIFEST /MANIFESTUAC:"level='asInvoker' uiAccess='false'" /manifest:embed /Debug /PDB:"C:\Users\zchau\Documents\GitHub\A2-GJK-EPA\build\win32\Debug\curveAI.pdb" /TLBID:1 /DYNAMICBASE /NXCOMPAT /IMPLIB:"C:\Users\zchau\Documents\GitHub\A2-GJK-EPA\build\win32\Debug\curveAI.lib" /MACHINE:X86 /SAFESEH /DLL Debug\CurveAgent.obj
         Debug\CurveAIModule.obj
     1>LINK : fatal error LNK1104: cannot open file 'util.lib'
     1>Done Building Project "C:\Users\zchau\Documents\GitHub\A2-GJK-EPA\curveAI\build\win32\curveAI.vcxproj" (Rebuild target(s)) -- FAILED.

Build FAILED.

Time Elapsed 00:00:07.33
