Build started 12/7/2015 9:25:42 PM.
     1>Project "C:\Users\zchau\Documents\GitHub\A5-Challenge\steerlib\build\win32\steerlib.vcxproj" on node 2 (Build target(s)).
     1>ClCompile:
         C:\Program Files (x86)\Microsoft Visual Studio 14.0\VC\bin\x86_amd64\CL.exe /c /I..\..\..\util\include /I..\..\include /I..\..\..\external /Zi /nologo /W3 /WX- /MP /O2 /Oi /Ot /GL /D _COMPILING_WIN32_STEERLIB /D ENABLE_GUI /D _WINDLL /D _MBCS /Gm- /EHsc /MD /GS /Gy /arch:SSE2 /fp:fast /Zc:wchar_t /Zc:forScope /Zc:inline /GR /Fo"Release\\" /Fd"Release\vc140.pdb" /Gd /TP /errorReport:prompt ..\..\src\AStarPlanner.cpp
     1>cl : Command line warning D9002: ignoring unknown option '/arch:SSE2'
         AStarPlanner.cpp
     1>c:\users\zchau\documents\github\a5-challenge\steerlib\include\util/GenericException.h(57): warning C4275: non dll-interface class 'std::exception' used as base for dll-interface class 'Util::GenericException'
         C:\Program Files (x86)\Microsoft Visual Studio 14.0\VC\include\vcruntime_exception.h(43): note: see declaration of 'std::exception'
         c:\users\zchau\documents\github\a5-challenge\steerlib\include\util/GenericException.h(56): note: see declaration of 'Util::GenericException'
     1>c:\users\zchau\documents\github\a5-challenge\util\include\LogObject.h(85): warning C4267: 'argument': conversion from 'size_t' to 'unsigned int', possible loss of data
     1>..\..\src\AStarPlanner.cpp(210): warning C4244: '=': conversion from 'float' to 'int', possible loss of data
     1>..\..\src\AStarPlanner.cpp(239): warning C4244: '=': conversion from 'float' to 'int', possible loss of data
     1>..\..\src\AStarPlanner.cpp(268): warning C4244: '=': conversion from 'float' to 'int', possible loss of data
     1>..\..\src\AStarPlanner.cpp(297): warning C4244: '=': conversion from 'float' to 'int', possible loss of data
     1>..\..\src\AStarPlanner.cpp(328): warning C4244: '=': conversion from 'float' to 'int', possible loss of data
     1>..\..\src\AStarPlanner.cpp(359): warning C4244: '=': conversion from 'float' to 'int', possible loss of data
     1>..\..\src\AStarPlanner.cpp(390): warning C4244: '=': conversion from 'float' to 'int', possible loss of data
     1>..\..\src\AStarPlanner.cpp(421): warning C4244: '=': conversion from 'float' to 'int', possible loss of data
     1>..\..\src\AStarPlanner.cpp(543): warning C4244: '=': conversion from 'unsigned int' to 'float', possible loss of data
     1>..\..\src\AStarPlanner.cpp(545): warning C4244: 'initializing': conversion from 'float' to 'int', possible loss of data
       Link:
         C:\Program Files (x86)\Microsoft Visual Studio 14.0\VC\bin\x86_amd64\link.exe /ERRORREPORT:PROMPT /OUT:"C:\Users\zchau\Documents\GitHub\A5-Challenge\build\win32\Release\steerlib.dll" /INCREMENTAL:NO /NOLOGO /LIBPATH:"C:\Users\zchau\Documents\GitHub\A5-Challenge\build\win32\Release\\" util.lib opengl32.lib glu32.lib kernel32.lib user32.lib gdi32.lib winspool.lib comdlg32.lib advapi32.lib shell32.lib ole32.lib oleaut32.lib uuid.lib odbc32.lib odbccp32.lib /MANIFEST /MANIFESTUAC:"level='asInvoker' uiAccess='false'" /manifest:embed /PDB:"C:\Users\zchau\Documents\GitHub\A5-Challenge\build\win32\Release\steerlib.pdb" /LTCG:incremental /TLBID:1 /DYNAMICBASE /NXCOMPAT /IMPLIB:"C:\Users\zchau\Documents\GitHub\A5-Challenge\build\win32\Release\steerlib.lib" /MACHINE:X64 /DLL Release\AgentMetricsCollector.obj
         Release\AStarPlanner.obj
         Release\BehaviorParameter.obj
         Release\Behaviour.obj
         Release\BenchmarkEngine.obj
         Release\CompositeTechnique01.obj
         Release\CompositeTechnique02.obj
         Release\CompositeTechniquePLE.obj
         Release\Curve.obj
         Release\FrameSaver.obj
         Release\GJK_EPA.obj
         Release\OrientedWallObstacle.obj
         Release\PolygonObstacle.obj
         Release\SimulationMetricsCollector.obj
         Release\GridDatabase2D.obj
         Release\CommandLineParser.obj
         Release\DrawLib.obj
         Release\DynamicLibrary.obj
         Release\HighResCounter.obj
         Release\MemoryMapper.obj
         Release\Misc.obj
         Release\PerformanceProfiler.obj
         Release\StateMachine.obj
         Release\ThreadedTaskManager.obj
         Release\XMLParser.obj
         Release\RecFileReader.obj
         Release\RecFileWriter.obj
         Release\TestCaseReader.obj
         Release\TestCaseReaderPrivate.obj
         Release\TestCaseWriter.obj
         Release\Camera.obj
         Release\Clock.obj
         Release\SimulationEngine.obj
         Release\SimulationOptions.obj
         Release\SteeringCommand.obj
         Release\BoxObstacle.obj
         Release\CircleObstacle.obj
         Release\OrientedBoxObstacle.obj
         Release\RecFilePlayerModule.obj
         Release\SimulationRecorderModule.obj
         Release\TestCasePlayerModule.obj
         Release\ticpp.obj
         Release\tinystr.obj
         Release\tinyxml.obj
         Release\tinyxmlerror.obj
         Release\tinyxmlparser.obj
            Creating library C:\Users\zchau\Documents\GitHub\A5-Challenge\build\win32\Release\steerlib.lib and object C:\Users\zchau\Documents\GitHub\A5-Challenge\build\win32\Release\steerlib.exp
         Generating code
         1 of 9333 functions ( 0.0%) were compiled, the rest were copied from previous compilation.
           0 functions were new in current compilation
           0 functions had inline decision re-evaluated but remain unchanged
         Finished generating code
         steerlib.vcxproj -> C:\Users\zchau\Documents\GitHub\A5-Challenge\build\win32\Release\steerlib.dll
     1>Done Building Project "C:\Users\zchau\Documents\GitHub\A5-Challenge\steerlib\build\win32\steerlib.vcxproj" (Build target(s)).

Build succeeded.

Time Elapsed 00:00:04.72
